# JRE version: Java(TM) SE Runtime Environment (7.0_45-b18) (build 1.7.0_45-b18)
# Java VM: Java HotSpot(TM) 64-Bit Server VM (24.45-b08 mixed mode windows-amd64 compressed oops)
Heap
 PSYoungGen      total 19456K, used 14339K [0x00000000eac80000, 0x00000000ec200000, 0x0000000100000000)
  eden space 16896K, 70% used [0x00000000eac80000,0x00000000eb8338f0,0x00000000ebd00000)
  from space 2560K, 92% used [0x00000000ebf80000,0x00000000ec1cd528,0x00000000ec200000)
  to   space 2560K, 0% used [0x00000000ebd00000,0x00000000ebd00000,0x00000000ebf80000)
 ParOldGen       total 43008K, used 198K [0x00000000c0600000, 0x00000000c3000000, 0x00000000eac80000)
  object space 43008K, 0% used [0x00000000c0600000,0x00000000c0631958,0x00000000c3000000)
 PSPermGen       total 21504K, used 11539K [0x00000000bb400000, 0x00000000bc900000, 0x00000000c0600000)
  object space 21504K, 53% used [0x00000000bb400000,0x00000000bbf44ef0,0x00000000bc900000)
GC Heap History (4 events):
Event: 0.740 GC heap before
{Heap before GC invocations=1 (full 0):
 PSYoungGen      total 19456K, used 16896K [0x00000000eac80000, 0x00000000ec200000, 0x0000000100000000)
  eden space 16896K, 100% used [0x00000000eac80000,0x00000000ebd00000,0x00000000ebd00000)
  from space 2560K, 0% used [0x00000000ebf80000,0x00000000ebf80000,0x00000000ec200000)
  to   space 2560K, 0% used [0x00000000ebd00000,0x00000000ebd00000,0x00000000ebf80000)
 ParOldGen       total 43008K, used 0K [0x00000000c0600000, 0x00000000c3000000, 0x00000000eac80000)
  object space 43008K, 0% used [0x00000000c0600000,0x00000000c0600000,0x00000000c3000000)
 PSPermGen       total 21504K, used 6851K [0x00000000bb400000, 0x00000000bc900000, 0x00000000c0600000)
  object space 21504K, 31% used [0x00000000bb400000,0x00000000bbab0db8,0x00000000bc900000)
Event: 0.744 GC heap after
Heap after GC invocations=1 (full 0):
 PSYoungGen      total 19456K, used 2545K [0x00000000eac80000, 0x00000000ec200000, 0x0000000100000000)
  eden space 16896K, 0% used [0x00000000eac80000,0x00000000eac80000,0x00000000ebd00000)
  from space 2560K, 99% used [0x00000000ebd00000,0x00000000ebf7c540,0x00000000ebf80000)
  to   space 2560K, 0% used [0x00000000ebf80000,0x00000000ebf80000,0x00000000ec200000)
 ParOldGen       total 43008K, used 126K [0x00000000c0600000, 0x00000000c3000000, 0x00000000eac80000)
  object space 43008K, 0% used [0x00000000c0600000,0x00000000c061f948,0x00000000c3000000)
 PSPermGen       total 21504K, used 6851K [0x00000000bb400000, 0x00000000bc900000, 0x00000000c0600000)
  object space 21504K, 31% used [0x00000000bb400000,0x00000000bbab0db8,0x00000000bc900000)
}
Event: 1.140 GC heap before
{Heap before GC invocations=2 (full 0):
 PSYoungGen      total 19456K, used 19441K [0x00000000eac80000, 0x00000000ec200000, 0x0000000100000000)
  eden space 16896K, 100% used [0x00000000eac80000,0x00000000ebd00000,0x00000000ebd00000)
  from space 2560K, 99% used [0x00000000ebd00000,0x00000000ebf7c540,0x00000000ebf80000)
  to   space 2560K, 0% used [0x00000000ebf80000,0x00000000ebf80000,0x00000000ec200000)
 ParOldGen       total 43008K, used 126K [0x00000000c0600000, 0x00000000c3000000, 0x00000000eac80000)
  object space 43008K, 0% used [0x00000000c0600000,0x00000000c061f948,0x00000000c3000000)
 PSPermGen       total 21504K, used 10334K [0x00000000bb400000, 0x00000000bc900000, 0x00000000c0600000)
  object space 21504K, 48% used [0x00000000bb400000,0x00000000bbe17b20,0x00000000bc900000)
Event: 1.144 GC heap after
Heap after GC invocations=2 (full 0):
 PSYoungGen      total 19456K, used 2357K [0x00000000eac80000, 0x00000000ec200000, 0x0000000100000000)
  eden space 16896K, 0% used [0x00000000eac80000,0x00000000eac80000,0x00000000ebd00000)
  from space 2560K, 92% used [0x00000000ebf80000,0x00000000ec1cd528,0x00000000ec200000)
  to   space 2560K, 0% used [0x00000000ebd00000,0x00000000ebd00000,0x00000000ebf80000)
 ParOldGen       total 43008K, used 198K [0x00000000c0600000, 0x00000000c3000000, 0x00000000eac80000)
  object space 43008K, 0% used [0x00000000c0600000,0x00000000c0631958,0x00000000c3000000)
 PSPermGen       total 21504K, used 10334K [0x00000000bb400000, 0x00000000bc900000, 0x00000000c0600000)
  object space 21504K, 48% used [0x00000000bb400000,0x00000000bbe17b20,0x00000000bc900000)
}

