# JRE version: Java(TM) SE Runtime Environment (7.0_45-b18) (build 1.7.0_45-b18)
# Java VM: Java HotSpot(TM) 64-Bit Server VM (24.45-b08 mixed mode windows-amd64 compressed oops)
Heap
 PSYoungGen      total 32256K, used 11362K [0x00000000eac80000, 0x00000000ed680000, 0x0000000100000000)
  eden space 27648K, 26% used [0x00000000eac80000,0x00000000eb3a0b68,0x00000000ec780000)
  from space 4608K, 88% used [0x00000000ecc00000,0x00000000ecff7fc8,0x00000000ed080000)
  to   space 4608K, 0% used [0x00000000ec780000,0x00000000ec780000,0x00000000ecc00000)
 ParOldGen       total 43008K, used 3206K [0x00000000c0600000, 0x00000000c3000000, 0x00000000eac80000)
  object space 43008K, 7% used [0x00000000c0600000,0x00000000c0921bc0,0x00000000c3000000)
 PSPermGen       total 21504K, used 17260K [0x00000000bb400000, 0x00000000bc900000, 0x00000000c0600000)
  object space 21504K, 80% used [0x00000000bb400000,0x00000000bc4db068,0x00000000bc900000)
GC Heap History (10 events):
Event: 1.084 GC heap before
{Heap before GC invocations=2 (full 0):
 PSYoungGen      total 19456K, used 19443K [0x00000000eac80000, 0x00000000ec200000, 0x0000000100000000)
  eden space 16896K, 100% used [0x00000000eac80000,0x00000000ebd00000,0x00000000ebd00000)
  from space 2560K, 99% used [0x00000000ebd00000,0x00000000ebf7cf28,0x00000000ebf80000)
  to   space 2560K, 0% used [0x00000000ebf80000,0x00000000ebf80000,0x00000000ec200000)
 ParOldGen       total 43008K, used 125K [0x00000000c0600000, 0x00000000c3000000, 0x00000000eac80000)
  object space 43008K, 0% used [0x00000000c0600000,0x00000000c061f750,0x00000000c3000000)
 PSPermGen       total 21504K, used 10491K [0x00000000bb400000, 0x00000000bc900000, 0x00000000c0600000)
  object space 21504K, 48% used [0x00000000bb400000,0x00000000bbe3ed30,0x00000000bc900000)
Event: 1.088 GC heap after
Heap after GC invocations=2 (full 0):
 PSYoungGen      total 19456K, used 2558K [0x00000000eac80000, 0x00000000ec200000, 0x0000000100000000)
  eden space 16896K, 0% used [0x00000000eac80000,0x00000000eac80000,0x00000000ebd00000)
  from space 2560K, 99% used [0x00000000ebf80000,0x00000000ec1ff9b0,0x00000000ec200000)
  to   space 2560K, 0% used [0x00000000ebd00000,0x00000000ebd00000,0x00000000ebf80000)
 ParOldGen       total 43008K, used 313K [0x00000000c0600000, 0x00000000c3000000, 0x00000000eac80000)
  object space 43008K, 0% used [0x00000000c0600000,0x00000000c064e6c0,0x00000000c3000000)
 PSPermGen       total 21504K, used 10491K [0x00000000bb400000, 0x00000000bc900000, 0x00000000c0600000)
  object space 21504K, 48% used [0x00000000bb400000,0x00000000bbe3ed30,0x00000000bc900000)
}
Event: 1.376 GC heap before
{Heap before GC invocations=3 (full 0):
 PSYoungGen      total 19456K, used 19454K [0x00000000eac80000, 0x00000000ec200000, 0x0000000100000000)
  eden space 16896K, 100% used [0x00000000eac80000,0x00000000ebd00000,0x00000000ebd00000)
  from space 2560K, 99% used [0x00000000ebf80000,0x00000000ec1ff9b0,0x00000000ec200000)
  to   space 2560K, 0% used [0x00000000ebd00000,0x00000000ebd00000,0x00000000ebf80000)
 ParOldGen       total 43008K, used 313K [0x00000000c0600000, 0x00000000c3000000, 0x00000000eac80000)
  object space 43008K, 0% used [0x00000000c0600000,0x00000000c064e6c0,0x00000000c3000000)
 PSPermGen       total 21504K, used 11585K [0x00000000bb400000, 0x00000000bc900000, 0x00000000c0600000)
  object space 21504K, 53% used [0x00000000bb400000,0x00000000bbf50648,0x00000000bc900000)
Event: 1.381 GC heap after
Heap after GC invocations=3 (full 0):
 PSYoungGen      total 19456K, used 2558K [0x00000000eac80000, 0x00000000ed280000, 0x0000000100000000)
  eden space 16896K, 0% used [0x00000000eac80000,0x00000000eac80000,0x00000000ebd00000)
  from space 2560K, 99% used [0x00000000ebd00000,0x00000000ebf7f9b0,0x00000000ebf80000)
  to   space 2560K, 0% used [0x00000000ed000000,0x00000000ed000000,0x00000000ed280000)
 ParOldGen       total 43008K, used 883K [0x00000000c0600000, 0x00000000c3000000, 0x00000000eac80000)
  object space 43008K, 2% used [0x00000000c0600000,0x00000000c06dcd40,0x00000000c3000000)
 PSPermGen       total 21504K, used 11585K [0x00000000bb400000, 0x00000000bc900000, 0x00000000c0600000)
  object space 21504K, 53% used [0x00000000bb400000,0x00000000bbf50648,0x00000000bc900000)
}
Event: 2.291 GC heap before
{Heap before GC invocations=4 (full 0):
 PSYoungGen      total 19456K, used 19454K [0x00000000eac80000, 0x00000000ed280000, 0x0000000100000000)
  eden space 16896K, 100% used [0x00000000eac80000,0x00000000ebd00000,0x00000000ebd00000)
  from space 2560K, 99% used [0x00000000ebd00000,0x00000000ebf7f9b0,0x00000000ebf80000)
  to   space 2560K, 0% used [0x00000000ed000000,0x00000000ed000000,0x00000000ed280000)
 ParOldGen       total 43008K, used 883K [0x00000000c0600000, 0x00000000c3000000, 0x00000000eac80000)
  object space 43008K, 2% used [0x00000000c0600000,0x00000000c06dcd40,0x00000000c3000000)
 PSPermGen       total 21504K, used 13288K [0x00000000bb400000, 0x00000000bc900000, 0x00000000c0600000)
  object space 21504K, 61% used [0x00000000bb400000,0x00000000bc0fa2b8,0x00000000bc900000)
Event: 2.297 GC heap after
Heap after GC invocations=4 (full 0):
 PSYoungGen      total 19456K, used 2558K [0x00000000eac80000, 0x00000000ed280000, 0x0000000100000000)
  eden space 16896K, 0% used [0x00000000eac80000,0x00000000eac80000,0x00000000ebd00000)
  from space 2560K, 99% used [0x00000000ed000000,0x00000000ed27f9d0,0x00000000ed280000)
  to   space 2560K, 0% used [0x00000000ebd00000,0x00000000ebd00000,0x00000000ebf80000)
 ParOldGen       total 43008K, used 1944K [0x00000000c0600000, 0x00000000c3000000, 0x00000000eac80000)
  object space 43008K, 4% used [0x00000000c0600000,0x00000000c07e6298,0x00000000c3000000)
 PSPermGen       total 21504K, used 13288K [0x00000000bb400000, 0x00000000bc900000, 0x00000000c0600000)
  object space 21504K, 61% used [0x00000000bb400000,0x00000000bc0fa2b8,0x00000000bc900000)
}
Event: 67.441 GC heap before
{Heap before GC invocations=5 (full 0):
 PSYoungGen      total 19456K, used 19454K [0x00000000eac80000, 0x00000000ed280000, 0x0000000100000000)
  eden space 16896K, 100% used [0x00000000eac80000,0x00000000ebd00000,0x00000000ebd00000)
  from space 2560K, 99% used [0x00000000ed000000,0x00000000ed27f9d0,0x00000000ed280000)
  to   space 2560K, 0% used [0x00000000ebd00000,0x00000000ebd00000,0x00000000ebf80000)
 ParOldGen       total 43008K, used 1944K [0x00000000c0600000, 0x00000000c3000000, 0x00000000eac80000)
  object space 43008K, 4% used [0x00000000c0600000,0x00000000c07e6298,0x00000000c3000000)
 PSPermGen       total 21504K, used 15432K [0x00000000bb400000, 0x00000000bc900000, 0x00000000c0600000)
  object space 21504K, 71% used [0x00000000bb400000,0x00000000bc3122f8,0x00000000bc900000)
Event: 67.448 GC heap after
Heap after GC invocations=5 (full 0):
 PSYoungGen      total 19456K, used 2558K [0x00000000eac80000, 0x00000000ed080000, 0x0000000100000000)
  eden space 16896K, 0% used [0x00000000eac80000,0x00000000eac80000,0x00000000ebd00000)
  from space 2560K, 99% used [0x00000000ebd00000,0x00000000ebf7f9b0,0x00000000ebf80000)
  to   space 4608K, 0% used [0x00000000ecc00000,0x00000000ecc00000,0x00000000ed080000)
 ParOldGen       total 43008K, used 3198K [0x00000000c0600000, 0x00000000c3000000, 0x00000000eac80000)
  object space 43008K, 7% used [0x00000000c0600000,0x00000000c091fbc0,0x00000000c3000000)
 PSPermGen       total 21504K, used 15432K [0x00000000bb400000, 0x00000000bc900000, 0x00000000c0600000)
  object space 21504K, 71% used [0x00000000bb400000,0x00000000bc3122f8,0x00000000bc900000)
}
Event: 67.587 GC heap before
{Heap before GC invocations=6 (full 0):
 PSYoungGen      total 19456K, used 19454K [0x00000000eac80000, 0x00000000ed080000, 0x0000000100000000)
  eden space 16896K, 100% used [0x00000000eac80000,0x00000000ebd00000,0x00000000ebd00000)
  from space 2560K, 99% used [0x00000000ebd00000,0x00000000ebf7f9b0,0x00000000ebf80000)
  to   space 4608K, 0% used [0x00000000ecc00000,0x00000000ecc00000,0x00000000ed080000)
 ParOldGen       total 43008K, used 3198K [0x00000000c0600000, 0x00000000c3000000, 0x00000000eac80000)
  object space 43008K, 7% used [0x00000000c0600000,0x00000000c091fbc0,0x00000000c3000000)
 PSPermGen       total 21504K, used 16851K [0x00000000bb400000, 0x00000000bc900000, 0x00000000c0600000)
  object space 21504K, 78% used [0x00000000bb400000,0x00000000bc474e18,0x00000000bc900000)
Event: 67.593 GC heap after
Heap after GC invocations=6 (full 0):
 PSYoungGen      total 32256K, used 4063K [0x00000000eac80000, 0x00000000ed680000, 0x0000000100000000)
  eden space 27648K, 0% used [0x00000000eac80000,0x00000000eac80000,0x00000000ec780000)
  from space 4608K, 88% used [0x00000000ecc00000,0x00000000ecff7fc8,0x00000000ed080000)
  to   space 4608K, 0% used [0x00000000ec780000,0x00000000ec780000,0x00000000ecc00000)
 ParOldGen       total 43008K, used 3206K [0x00000000c0600000, 0x00000000c3000000, 0x00000000eac80000)
  object space 43008K, 7% used [0x00000000c0600000,0x00000000c0921bc0,0x00000000c3000000)
 PSPermGen       total 21504K, used 16851K [0x00000000bb400000, 0x00000000bc900000, 0x00000000c0600000)
  object space 21504K, 78% used [0x00000000bb400000,0x00000000bc474e18,0x00000000bc900000)
}

